GET /api/posts 304 (admin gekhdfklgzdminsdfsdf gekhdfklgzdminsdfsdf)
GET /api/posts 304 (admin gekhdfklgzdminsdfsdf gekhdfklgzdminsdfsdf)
GET /api/posts 304 (admin gekhdfklgzdminsdfsdf gekhdfklgzdminsdfsdf)
GET /api/posts 304 (admin gekhdfklgzdminsdfsdf gekhdfklgzdminsdfsdf)
GET /api/posts 304 (admin gekhdfklgzdminsdfsdf gekhdfklgzdminsdfsdf)
GET /api/posts 304 (admin gekhdfklgzdminsdfsdf gekhdfklgzdminsdfsdf)
GET /api/posts 304 (admin gekhdfklgzdminsdfsdf gekhdfklgzdminsdfsdf)
GET /api/ 200 (admin gekhdfklgzdminsdfsdf gekhdfklgzdminsdfsdf)
GET /api/posts 304 (admin gekhdfklgzdminsdfsdf gekhdfklgzdminsdfsdf)
GET /api 200 (admin gekhdfklgzdminsdfsdf gekhdfklgzdminsdfsdf)
GET /api/ 304 (admin gekhdfklgzdminsdfsdf gekhdfklgzdminsdfsdf)
GET /api/ 304 (admin gekhdfklgzdminsdfsdf gekhdfklgzdminsdfsdf)
GET /api/ 304 (admin gekhdfklgzdminsdfsdf gekhdfklgzdminsdfsdf)
GET /api/ 304 (admin gekhdfklgzdminsdfsdf gekhdfklgzdminsdfsdf)
GET /api/ 304 (admin gekhdfklgzdminsdfsdf gekhdfklgzdminsdfsdf)
GET /api/ 304 (admin gekhdfklgzdminsdfsdf gekhdfklgzdminsdfsdf)
GET /api/posts 304 (admin gekhdfklgzdminsdfsdf gekhdfklgzdminsdfsdf)
GET /api 304 (admin gekhdfklgzdminsdfsdf gekhdfklgzdminsdfsdf)
GET /api 304 (admin gekhdfklgzdminsdfsdf gekhdfklgzdminsdfsdf)
GET /api 200 (admin gekhdfklgzdminsdfsdf gekhdfklgzdminsdfsdf)
GET /api 200 (admin gekhdfklgzdminsdfsdf gekhdfklgzdminsdfsdf)
GET /api 200 (admin gekhdfklgzdminsdfsdf gekhdfklgzdminsdfsdf)
GET /api 304 (admin gekhdfklgzdminsdfsdf gekhdfklgzdminsdfsdf)
GET /api 200 (admin gekhdfklgzdminsdfsdf gekhdfklgzdminsdfsdf)
GET /api 200 (admin gekhdfklgzdminsdfsdf gekhdfklgzdminsdfsdf)
GET /api/posts 304 (admin gekhdfklgzdminsdfsdf gekhdfklgzdminsdfsdf)
GET /api 304 (admin gekhdfklgzdminsdfsdf gekhdfklgzdminsdfsdf)
GET /api 200 (admin gekhdfklgzdminsdfsdf gekhdfklgzdminsdfsdf)
GET /api 304 (admin gekhdfklgzdminsdfsdf gekhdfklgzdminsdfsdf)
GET /api 200 (admin gekhdfklgzdminsdfsdf gekhdfklgzdminsdfsdf)
GET /api 304 (admin gekhdfklgzdminsdfsdf gekhdfklgzdminsdfsdf)
GET /api 304 (admin gekhdfklgzdminsdfsdf gekhdfklgzdminsdfsdf)
GET /api/posts 304 (admin gekhdfklgzdminsdfsdf gekhdfklgzdminsdfsdf)
GET /api 200 (admin gekhdfklgzdminsdfsdf gekhdfklgzdminsdfsdf)
GET /api/posts 304 (admin gekhdfklgzdminsdfsdf gekhdfklgzdminsdfsdf)
GET /api/posts 304 (admin gekhdfklgzdminsdfsdf gekhdfklgzdminsdfsdf)
GET /api 304 (admin gekhdfklgzdminsdfsdf gekhdfklgzdminsdfsdf)
GET /api/posts 304 (admin gekhdfklgzdminsdfsdf gekhdfklgzdminsdfsdf)
GET /api/ 200 (admin gekhdfklgzdminsdfsdf gekhdfklgzdminsdfsdf)
GET /api/posts 304 (admin gekhdfklgzdminsdfsdf gekhdfklgzdminsdfsdf)
GET /api/posts 200 (admin gekhdfklgzdminsdfsdf gekhdfklgzdminsdfsdf)
GET /api/posts 304 (admin gekhdfklgzdminsdfsdf gekhdfklgzdminsdfsdf)
GET /api 200 (admin gekhdfklgzdminsdfsdf gekhdfklgzdminsdfsdf)
GET /api 200 (admin gekhdfklgzdminsdfsdf gekhdfklgzdminsdfsdf)
GET /api 304 (admin gekhdfklgzdminsdfsdf gekhdfklgzdminsdfsdf)
GET /api/posts 304 (admin gekhdfklgzdminsdfsdf gekhdfklgzdminsdfsdf)
GET /api 200 (admin gekhdfklgzdminsdfsdf gekhdfklgzdminsdfsdf)
GET /api/posts 304 (admin gekhdfklgzdminsdfsdf gekhdfklgzdminsdfsdf)
GET /api 200 (- [object Object] -)
GET /api 304 (- [object Object] -)
GET /api 304 (- [object Object] -)
GET /api 304 (- [object Object] -)
GET /api/posts 200 (- [object Object] -)
GET /api/posts 304 (- [object Object] -)
GET /api 200 (- [object Object] -)
GET /api 200 (- [object Object] -)
GET /api/posts 200 (- [object Object] -)
GET /api 200 (- [object Object] -)
GET /api/posts 200 (- [object Object] -)
GET /api/posts 200 (- [object Object] -)
GET /api/posts 200 (- [object Object] -)
  GET /api/posts 304 (- [object Object] -)
GET /api 200 (- [object Object] 86276799598672030)
GET /api/posts 200 (- [object Object] 86276799598672030)
GET /api 304 (- [object Object] 86276799598672030)
GET /api/admin 404 (- [object Object] 86276799598672030)
GET /api/admin 404 (- [object Object] 86276799598672030)
GET /api/admin 404 (- [object Object] 86276799598672030)
GET /api/posts 200 (- [object Object] 86276799598672030)
GET /api/posts 304 (- [object Object] 86276799598672030)
