GET /api/movie 404 (- [object Object] -)
GET /api 200 (- [object Object] -)
GET /api 200 (- [object Object] -)
GET /api 200 (- [object Object] -)
GET /api 200 (- [object Object] -)
GET /api 200 ({})
POST /api/list_resource/movies 404 ({"resource":"movies"})
POST /api/list_resource 404 ({"resource":"movies"})
POST /api/list_resource 404 ({"resource":"movies"})
POST /api/list_resource 404 ({"resource":"movies"})
POST /api/list_resource 404 ({"resource":"movies"})
POST /api/list_resource 200 ({"resource":"movies"})
POST /api/list_resource 200 ({"resource":"movies"})
POST /api/list_resource 200 ({"resource":"movies"})
POST /api/list_resource 200 ({"resource":"movies"})
POST /api/list_resource 200 ({"resource":"movies"})
POST /api/list_resource 200 ({"resource":"movies"})
POST /api/list_resource 200 ({"resource":"movies"})
POST /api/list_resource 200 ({"resource":"movies"})
POST /api/list_resource 200 ({"resource":"movies"})
POST /api/list_resource 200 ({"resource":"movies"})
POST /api/list_resource 200 ({"resource":"movies"})
POST /api/list_resource 200 ({"resource":"movies"})
POST /api/list_resource 200 ({"resource":"movies"})
POST /api/list_resource 200 ({"resource":"movies"})
POST /api/list_resource 403 ({"resource":"movies"})
POST /api/list_resource 403 ({"resource":"movies"})
POST /api/list_resource 403 ({"resource":"movies"})
POST /api/list_resource 403 ({"resource":"movies"})
POST /api/list_resource 403 ({"resource":"movies"})
POST /api/list_resource 403 ({"resource":"movies"})
POST /api/list_resource 403 ({"resource":"movies"})
POST /api/list_resource 403 ({"resource":"movies"})
POST /api/list_resource 403 ({"resource":"movies"})
POST /api/list_resource 403 ({"resource":"movies"})
POST /api/list_resource 403 ({"resource":"movies"})
POST /api/list_resource 403 ({"resource":"movies"})
POST /api/list_resource 403 ({"resource":"movies"})
POST /api/list_resource 403 ({"resource":"movies"})
POST /api/list_resource 403 ({"resource":"movies"})
POST /api/list_resource 403 ({"resource":"movies"})
POST /api/list_resource 200 ({"resource":"movies"})
POST /api/list_resource 200 ({"resource":"movies"})
POST /api/list_resource 403 ({"resource":"movies"})
POST /api/list_resource 403 ({"resource":"movies"})
POST /api/list_resource 403 ({"resource":"movies"})
POST /api/list_resource 403 ({"resource":"movies"})
POST /api/list_resource 403 ({"resource":"movies"})
POST /api/list_resource 403 ({"resource":"movies"})
POST /api/list_resource 403 ({"resource":"movies"})
POST /api/list_resource 403 ({"resource":"movies"})
POST /api/list_resource 403 ({"resource":"movies"})
POST /api/list_resource 403 ({"resource":"movies"})
POST /api/list_resource 403 ({"resource":"movies"})
POST /api/list_resource 403 ({"resource":"movies"})
POST /api/list_resource 403 ({"resource":"movies"})
POST /api/list_resource 403 ({"resource":"movies"})
POST /api/list_resource 403 ({"resource":"movies"})
POST /api/list_resource 403 ({"resource":"movies"})
POST /api/list_resource 403 ({"resource":"movies"})
POST /api/list_resource 403 ({"resource":"movies"})
POST /api/list_resource 403 ({"resource":"movies"})
POST /api/list_resource 403 ({"resource":"movies"})
POST /api/list_resource 403 ({"resource":"movies"})
POST /api/list_resource 403 ({"resource":"movies"})
POST /api/list_resource 403 ({"resource":"movies"})
POST /api/list_resource 200 ({"resource":"movies"})
POST /api/list_resource 200 ({"resource":"movies"})
POST /api/list_resource 200 ({"resource":"movies"})
POST /api/list_resource 200 ({"resource":"movies"})
POST /api/list_resource 200 ({"resource":"movies"}) 36.577 ms 
POST /api/list_resource 200 ({"resource":"movies"}) 43.158 
POST /api/list_resource 200 ({"resource":"movies"}) 36.617 
POST /api/list_resource 200 ({"resource":"movies"}) 43.549 
POST /api/list_resource 200 ({"resource":"movies"}) 51.543 
POST /api/list_resource 200 ({"resource":"movies"}) 66.946 
POST /api/list_resource 200 ({"resource":"movies"}) 33.914 
POST /api/list_resource 200 ({"resource":"movies"}) 36.492 
POST /api/list_resource 200 ({"resource":"movies"}) 13.514 
POST /api/list_resource 200 ({"resource":"movies"}) 38.326 
POST /api/list_resource 200 ({"resource":"movies"}) 36.388 
POST /api/list_resource 200 ({"resource":"movies"}) 38.214 
POST /api/list_resource 200 ({"resource":"movies"}) 12.349 
<<<<<<< HEAD
POST /api/list_resource 200 ({"resource":"movies"}) 55.561 
POST /api/list_resource 200 ({"resource":"movies"}) 21.541 
=======
POST /api/list_resource 200 ({"resource":"movies"}) 73.947 
POST /api/list_resource 200 ({"resource":"movies"}) 81.621 
POST /api/list_resource 200 ({"resource":"movies"}) 39.941 
POST /api/list_resource 200 ({"resource":"movies"}) 46.558 
POST /api/list_resource 200 ({"resource":"movies"}) 38.092 
POST /api/list_resource 200 ({"resource":"movies"}) 38.574 
POST /api/list_resource 200 ({"resource":"movies"}) 44.705 
POST /api/list_resource 200 ({"resource":"movies"}) 40.710 
POST /api/list_resource 200 ({"resource":"movies"}) 38.137 
POST /api/list_resource 200 ({"resource":"movies"}) 14.498 
POST /api/list_resource 200 ({"resource":"movies"}) - 
POST /api/list_resource 200 ({"resource":"movies"}) - 
POST /api/list_resource 200 ({"resource":"movies"}) - 
POST /api/list_resource 200 ({"resource":"movies"}) - 
POST /api/list_resource 200 ({"resource":"movies"}) - 
POST /api/list_resource 200 ({"resource":"movies"}) function router(req, res, next) {
    router.handle(req, res, next);
  } 
POST /api/list_resource 200 ({"resource":"movies"}) function router(req, res, next) {
    router.handle(req, res, next);
  } 
POST /api/list_resource 200 ({"resource":"movies"}) function router(req, res, next) {
    router.handle(req, res, next);
  } 
POST /api/list_resource 200 ({"resource":"movies"})  
POST /api/list_resource 200 ({"resource":"movies"})  
POST /api/list_resource 200 ({"resource":"movies"})  
POST /api/list_resource 200 ({"resource":"movies"})  
POST /api/list_resource 200 ({"resource":"movies"})  
POST /api/list_resource 200 ({"resource":"movies"})  
POST /api/list_resource 500 ({"resource":"movies"})  
POST /api/list_resource 200 ({"resource":"movies"})  
POST /api/list_resource 200 ({"resource":"movies"})  
>>>>>>> 01e71112f25a13d4815b59da68d10ad30c1b68d8
POST /api/list_resource 200 ({"resource":"movies"})  
POST /api/list_resource 200 ({"resource":"movies"})  
POST /api/list_resource 200 ({"resource":"movies"})  
POST /api/list_resource 200 ({"resource":"movies"})  
POST /api/list_resource 200 ({"resource":"movies"})  
POST /api/list_resource 200 ({"resource":"movies"})  
POST /api/list_resource 200 ({"resource":"movies"})  
POST /api/list_resource 200 ({"resource":"movies"})  
POST /api/list_resource 200 ({"resource":"movies"})  
POST /api/list_resource 200 ({"resource":"movies"})  
POST /api/list_resource 200 ({"resource":"movies"})  
POST /api/list_resource 200 ({"resource":"movies"})  
POST /api/list_resource 200 ({"resource":"movies"})  
POST /api/list_resource 200 ({"resource":"movies"})  
POST /api/list_resource 200 ({"resource":"movies"})  
GET /api/list_resource/765505bf-a1f5-48cd-a4d3-54cd0c07feb0 404 ({})  
POST /api/delete_resource 500 ({"uuid":"765505bf-a1f5-48cd-a4d3-54cd0c07feb0"})  
POST /api/list_resource 200 ({"resource":"movies"})  
POST /api/delete_resource 500 ({"uuid":"765505bf-a1f5-48cd-a4d3-54cd0c07feb0"})  
POST /api/delete_resource 500 ({"uuid":"765505bf-a1f5-48cd-a4d3-54cd0c07feb0"})  
POST /api/list_resource 200 ({"resource":"movies"})  
POST /api/list_resource 200 ({"resource":"movies"})  
POST /api/delete_resource 500 ({"uuid":"765505bf-a1f5-48cd-a4d3-54cd0c07feb0"})  
POST /api/delete_resource 500 ({"uuid":"765505bf-a1f5-48cd-a4d3-54cd0c07feb0"})  
POST /api/delete_resource 500 ({"uuid":"765505bf-a1f5-48cd-a4d3-54cd0c07feb0"})  
POST /api/delete_resource 500 ({"uuid":"765505bf-a1f5-48cd-a4d3-54cd0c07feb0"})  
POST /api/delete_resource 500 ({"uuid":"765505bf-a1f5-48cd-a4d3-54cd0c07feb0"})  
POST /api/delete_resource 500 ({"uuid":"765505bf-a1f5-48cd-a4d3-54cd0c07feb0"})  
POST /api/delete_resource 500 ({"uuid":"765505bf-a1f5-48cd-a4d3-54cd0c07feb0"})  
POST /api/list_resource 200 ({"resource":"movies"})  
POST /api/list_resource 200 ({"resource":"movies"})  
POST /api/list_resource 200 ({"resource":"movies"})  
POST /api/delete_resource 500 ({"uuid":"765505bf-a1f5-48cd-a4d3-54cd0c07feb0"})  
POST /api/delete_resource - ({"resource":"movies","uuid":"765505bf-a1f5-48cd-a4d3-54cd0c07feb0"})  
POST /api/delete_resource 404 ({"resource":"movies","uuid":"765505bf-a1f5-48cd-a4d3-54cd0c07feb0"})  
POST /api/delete_resource 404 ({"resource":"movies","uuid":"765505bf-a1f5-48cd-a4d3-54cd0c07feb0"})  
POST /api/delete_resource 500 ({"uuid":"765505bf-a1f5-48cd-a4d3-54cd0c07feb0"})  
POST /api/delete_resource 500 ({"uuid":"765505bf-a1f5-48cd-a4d3-54cd0c07feb0"})  
POST /api/delete_resource 500 ({"uuid":"765505bf-a1f5-48cd-a4d3-54cd0c07feb0"})  
POST /api/delete_resource 500 ({"uuid":"765505bf-a1f5-48cd-a4d3-54cd0c07feb0"})  
POST /api/delete_resource 500 ({"uuid":"765505bf-a1f5-48cd-a4d3-54cd0c07feb0"})  
POST /api/delete_resource 500 ({"uuid":"765505bf-a1f5-48cd-a4d3-54cd0c07feb0"})  
POST /api/delete_resource 500 ({"uuid":"765505bf-a1f5-48cd-a4d3-54cd0c07feb0"})  
POST /api/delete_resource 500 ({"uuid":"765505bf-a1f5-48cd-a4d3-54cd0c07feb0"})  
POST /api/delete_resource 404 ({"resource":"movies","uuid":"765505bf-a1f5-48cd-a4d3-54cd0c07feb0"})  
POST /api/delete_resource 404 ({"resource":"movies","uuid":"765505bf-a1f5-48cd-a4d3-54cd0c07feb0"})  
POST /api/delete_resource 500 ({"uuid":"765505bf-a1f5-48cd-a4d3-54cd0c07feb0"})  
POST /api/delete_resource 500 ({"uuid":"765505bf-a1f5-48cd-a4d3-54cd0c07feb0"})  
POST /api/delete_resource 500 ({"uuid":"765505bf-a1f5-48cd-a4d3-54cd0c07feb0"})  
POST /api/delete_resource 404 ({"resource":"movies","uuid":"765505bf-a1f5-48cd-a4d3-54cd0c07feb0"})  
POST /api/delete_resource 404 ({"resource":"movies","uuid":"765505bf-a1f5-48cd-a4d3-54cd0c07feb0"})  
POST /api/delete_resource 404 ({"resource":"movies","uuid":"765505bf-a1f5-48cd-a4d3-54cd0c07feb0"})  
POST /api/delete_resource 404 ({"resource":"movies","uuid":"765505bf-a1f5-48cd-a4d3-54cd0c07feb0"})  
POST /api/delete_resource 404 ({"resource":"movies","uuid":"765505bf-a1f5-48cd-a4d3-54cd0c07feb0"})  
POST /api/delete_resource 404 ({"resource":"movies","uuid":"765505bf-a1f5-48cd-a4d3-54cd0c07feb0"})  
POST /api/list_resource 200 ({"resource":"movies"})  
POST /api/list_resource 200 ({"resource":"movies"})  
POST /api/delete_resource 404 ({"resource":"movies","uuid":"765505bf-a1f5-48cd-a4d3-54cd0c07feb0"})  
POST /api/delete_resource 404 ({"resource":"movies","uuid":"765505bf-a1f5-48cd-a4d3-54cd0c07feb0"})  
POST /api/delete_resource 404 ({"resource":"movies","uuid":"765505bf-a1f5-48cd-a4d3-54cd0c07feb0"})  
POST /api/delete_resource 404 ({"resource":"movies","uuid":"765505bf-a1f5-48cd-a4d3-54cd0c07feb0"})  
POST /api/delete_resource 404 ({"resource":"movies","uuid":"765505bf-a1f5-48cd-a4d3-54cd0c07feb0"})  
POST /api/delete_resource 404 ({"resource":"movies","uuid":"765505bf-a1f5-48cd-a4d3-54cd0c07feb0"})  
POST /api/delete_resource 404 ({"resource":"movies","uuid":"765505bf-a1f5-48cd-a4d3-54cd0c07feb0"})  
POST /api/delete_resource 404 ({"resource":"movies","uuid":"765505bf-a1f5-48cd-a4d3-54cd0c07feb0"})  
POST /api/delete_resource - ({"resource":"movies","uuid":"8f73f252-25da-4179-bd8d-6d99ea5b020a"})  
POST /api/delete_resource 404 ({"resource":"movies","uuid":"8f73f252-25da-4179-bd8d-6d99ea5b020a"})  
POST /api/delete_resource - ({"resource":"movies","uuid":"10071fc9-c171-44cd-a2da-cd74e782a3fb"})  
POST /api/delete_resource 404 ({"resource":"movies","uuid":"10071fc9-c171-44cd-a2da-cd74e782a3fb"})  
POST /api/delete_resource 404 ({"resource":"movies","uuid":"10071fc9-c171-44cd-a2da-cd74e782a3fb"})  
POST /api/delete_resource - ({"resource":"movies","uuid":"f5ab024c-323b-4fbb-82c3-1aff4a183859"})  
POST /api/delete_resource 404 ({"resource":"movies","uuid":"f5ab024c-323b-4fbb-82c3-1aff4a183859"})  
POST /api/delete_resource - ({"resource":"movies","uuid":"a75226f7-18b5-47ef-b371-93ec6ccb9a63"})  
POST /api/delete_resource 404 ({"resource":"movies","uuid":"a75226f7-18b5-47ef-b371-93ec6ccb9a63"})  
POST /api/delete_resource - ({"resource":"movies","uuid":"7ee6936b-5569-4d8f-9a77-49353e164c62"})  
POST /api/delete_resource - ({"resource":"movies","uuid":"560c9bc7-0a88-4de4-a0b4-cad912b4d486"})  
POST /api/create_resource 500 ({})  
POST /api/create_resource 500 ({})  
POST /api/create_resource 500 ({})  
POST /api/create_resource 500 ({})  
POST /api/create_resource 500 ({})  
POST /api/create_resource 500 ({})  
POST /api/create_resource 500 ({})  
POST /api/create_resource 500 ({})  
POST /api/create_resource 500 ({})  
POST /api/create_resource 500 ({})  
POST /api/list_resource 200 ({"resource":"movies"})  
POST /api/list_resource 200 ({"resource":"movies"})  
POST /api/create_resource 500 ({})  
POST /api/create_resource 500 ({})  
POST /api/create_resource 500 ({})  
POST /api/create_resource 500 ({})  
POST /api/create_resource 500 ({})  
POST /api/create_resource 500 ({})  
POST /api/create_resource 500 ({})  
POST /api/create_resource 500 ({})  
POST /api/create_resource 500 ({})  
POST /api/create_resources - ({})  
POST /api/create_resources 500 ({})  
POST /api/create_resources 500 ({})  
POST /api/xxx_resources 500 ({})  
