POST /cm/login 200 (- [object Object] -)
POST /cm/login 200 ({"username":"Ahmed","password":"Secret"})
POST /cm/login 200 ({"username":"Ahmed","password":"Secret"})
POST /cm/login 200 ({"username":"Ahmed","password":"Secret"})
POST /cm/login 200 ({"username":"Ahmed","password":"Secret"})  
POST /cm/login 200 ({"username":"Ahmed","password":"Secret"})  
POST /cm/login 200 ({"username":"Ahmed","password":"Secret"})  
POST /cm/login 200 ({"username":"Ahmed","password":"Secret"})  
POST /cm/login 404 ({"username":"Ahmed","password":"Secret"})  
POST /cm/login 404 ({"username":"Ahmed","password":"Secret"})  
POST /cm/login 200 ({"username":"Ahmed","password":"Secret"})  
POST /cm/login 200 ({"username":"Ahmed","password":"Secret"})  
POST /cm/login 200 ({"username":"Ahmed","password":"Secret"})  
POST /cm/login 200 ({"username":"Ahmed","password":"Secret"})  
POST /cm/login 200 ({"username":"Ahmed","password":"Secret"})  
POST /cm/login 200 ({"username":"Ahmed","password":"Secret"})  
POST /cm/login 200 ({"username":"Ahmed","password":"Secret"})  
POST /cm/login 200 ({"username":"Ahmed","password":"Secret"})  
POST /cm/login 200 ({"username":"Ahmed","password":"Secret"})  
POST /cm/login 200 ({"username":"Ahmed","password":"Secret"})  
POST /cm/login 200 ({"username":"Ahmed","password":"Secret"})  
POST /cm/login 200 ({"username":"Ahmed","password":"Secret"})  
POST /cm/login 200 ({"username":"Ahmed","password":"Secret"})  
POST /cm/login 200 ({"username":"Ahmed","password":"Secret"})  
POST /cm/login 200 ({"username":"Ahmed","password":"Secret"})  
POST /cm/login 200 ({"username":"Ahmed","password":"Secret"})  
POST /cm/login 200 ({"username":"Ahmed","password":"Secret"})  
POST /cm/login 200 ({"username":"Ahmed","password":"Secret"})  
POST /cm/login 200 ({"username":"Ahmed","password":"Secret"})  
POST /cm/login 200 ({"username":"Ahmed","password":"Secret"})  
POST /cm/login 200 ({"username":"Ahmed","password":"Secret"})  
POST /cm/login 200 ({"username":"Ahmed","password":"Secret"})  
POST /cm/login 200 ({"username":"Ahmed","password":"Secret"})  
{"level":"info","message":"Hello distributed log files!","timestamp":"2017-12-22T09:37:18.288Z"}
POST /cm/login 200 ({"username":"Ahmed","password":"Secret"})  
{"_":"'*************************************************************************************'","Url":"'**********************'/cm/login POST 200'***********************'","__":"'*************************************************************************************'","Request":"{\"username\":\"Ahmed\",\"password\":\"Secret\"}","Header":{"host":"localhost:3000","connection":"keep-alive","content-length":"40","accept":"application/json, text/plain, */*","origin":"http://localhost:3000","user-agent":"Mozilla/5.0 (X11; Linux x86_64) AppleWebKit/537.36 (KHTML, like Gecko) Chrome/62.0.3202.75 Safari/537.36","content-type":"application/json","referer":"http://localhost:3000/login","accept-encoding":"gzip, deflate, br","accept-language":"fr-FR,fr;q=0.9,en-US;q=0.8,en;q=0.7,ar;q=0.6","cookie":"sessionid=j0jstlnywet328uaz9m8t4kvrngwmdvy; jwt-express=; connect.sid=s%3ArFTo7I4KteY0-R6l3WG0Myk9p7RbaltH.0SJPWMDjkGx2qx8lK0pVQqxKIspoMTv0LGiVVQInObU"},"responseBody":"eyJ0eXAiOiJKV1QiLCJhbGciOiJIUzI1NiJ9.eyJ1c2VybmFtZSI6IkFobWVkIiwicGFzc3dvcmQiOiJTZWNyZXQiLCJleHAiOjE1MTM5MzU0NjE0NDUsInN0YWxlcyI6MTUxMzkzNjM2MDg0NSwiaWF0IjoxNTEzOTM1NDYwfQ.qAQylvyUwJsrrdqvxgVEoIIZpqrfjIbVOYymKOs8tTg","level":"info","message":"","timestamp":"2017-12-22T09:37:40.848Z"}
POST /cm/login 200 ({"username":"Ahmed","password":"Secret"})  
{"_":"'*************************************************************************************'","Url":"'**********************'/cm/login POST 200'***********************'","__":"'*************************************************************************************'","Request":"{\"username\":\"Ahmed\",\"password\":\"Secret\"}","Header":{"host":"localhost:3000","connection":"keep-alive","content-length":"40","accept":"application/json, text/plain, */*","origin":"http://localhost:3000","user-agent":"Mozilla/5.0 (X11; Linux x86_64) AppleWebKit/537.36 (KHTML, like Gecko) Chrome/62.0.3202.75 Safari/537.36","content-type":"application/json","referer":"http://localhost:3000/login","accept-encoding":"gzip, deflate, br","accept-language":"fr-FR,fr;q=0.9,en-US;q=0.8,en;q=0.7,ar;q=0.6","cookie":"sessionid=j0jstlnywet328uaz9m8t4kvrngwmdvy; jwt-express=eyJ0eXAiOiJKV1QiLCJhbGciOiJIUzI1NiJ9.eyJ1c2VybmFtZSI6IkFobWVkIiwicGFzc3dvcmQiOiJTZWNyZXQiLCJleHAiOjE1MTM5MzU0NjE0NDUsInN0YWxlcyI6MTUxMzkzNjQwNTE5OCwiaWF0IjoxNTEzOTM1NDYwfQ.P0wzV42mirQhSmzzRCLDF5kxF9uOZPmvFjgoSDcYX_c; connect.sid=s%3A6MMjUGdfbX7aS8TqsMRxYWbFGjgQxiuX.5twNuchq86LM8Wsx%2FNWwKJynoWWKkRlM91Fh9TQ9F2c"},"responseBody":"eyJ0eXAiOiJKV1QiLCJhbGciOiJIUzI1NiJ9.eyJ1c2VybmFtZSI6IkFobWVkIiwicGFzc3dvcmQiOiJTZWNyZXQiLCJleHAiOjE1MTM5MzU1MTQzNjIsInN0YWxlcyI6MTUxMzkzNjQxMzc2MiwiaWF0IjoxNTEzOTM1NTEzfQ.5KxuokLvSoOoM-s9rq4QVytqiZZx7NEoX9HUSm39P_o","level":"info","message":"","timestamp":"2017-12-22T09:38:54.672Z"}
{"_":"'*************************************************************************************'","Url":"'**********************'/cm/login POST 200'***********************'","__":"'*************************************************************************************'","Request":"{\"username\":\"Ahmed\",\"password\":\"Secret\"}","Header":{"host":"localhost:3000","connection":"keep-alive","content-length":"40","accept":"application/json, text/plain, */*","origin":"http://localhost:3000","user-agent":"Mozilla/5.0 (X11; Linux x86_64) AppleWebKit/537.36 (KHTML, like Gecko) Chrome/62.0.3202.75 Safari/537.36","content-type":"application/json","referer":"http://localhost:3000/login","accept-encoding":"gzip, deflate, br","accept-language":"fr-FR,fr;q=0.9,en-US;q=0.8,en;q=0.7,ar;q=0.6","cookie":"sessionid=j0jstlnywet328uaz9m8t4kvrngwmdvy; connect.sid=s%3A6MMjUGdfbX7aS8TqsMRxYWbFGjgQxiuX.5twNuchq86LM8Wsx%2FNWwKJynoWWKkRlM91Fh9TQ9F2c; jwt-express=eyJ0eXAiOiJKV1QiLCJhbGciOiJIUzI1NiJ9.eyJ1c2VybmFtZSI6IkFobWVkIiwicGFzc3dvcmQiOiJTZWNyZXQiLCJleHAiOjE1MTM5MzU1MTQzNjIsInN0YWxlcyI6MTUxMzkzNjQxMzc2MiwiaWF0IjoxNTEzOTM1NTEzfQ.5KxuokLvSoOoM-s9rq4QVytqiZZx7NEoX9HUSm39P_o"},"responseBody":"eyJ0eXAiOiJKV1QiLCJhbGciOiJIUzI1NiJ9.eyJ1c2VybmFtZSI6IkFobWVkIiwicGFzc3dvcmQiOiJTZWNyZXQiLCJleHAiOjE1MTM5MzU1NTI0NTQsInN0YWxlcyI6MTUxMzkzNjQ1MTg1NCwiaWF0IjoxNTEzOTM1NTUxfQ.Z1NmX0QShGzHI_gcX7PCbxLVjcVzv2kAmwXqGhg4OoQ","level":"info","message":"","timestamp":"2017-12-22T09:39:23.307Z"}
{"_":"'*************************************************************************************'","Url":"'**********************'/cm/login POST 200'***********************'","__":"'*************************************************************************************'","level":"info","message":"","timestamp":"2017-12-22T09:39:44.965Z"}
{"_":"'*************************************************************************************'","Url":"'**********************'/cm/login POST 200'***********************'","__":"'*************************************************************************************'","level":"info","message":"","timestamp":"2017-12-22T09:40:05.834Z"}
POST /cm/login 200 ({"username":"Ahmed","password":"Secret"})  
{"_":"'*************************************************************************************'","Url":"'**********************'/cm/login POST 200'***********************'","__":"'*************************************************************************************'","level":"info","message":"","timestamp":"2017-12-22T09:40:10.519Z"}
POST /cm/login 200 ({"username":"Ahmed","password":"Secret"})  
{"_":"'*************************************************************************************'","Url":"'**********************'/cm/login POST 200'***********************'","__":"'*************************************************************************************'","level":"info","message":"","timestamp":"2017-12-22T09:40:21.097Z"}
POST /cm/login 200 ({"username":"Ahmed","password":"Secret"})  
{"_":"'*************************************************************************************'","Url":"'**********************'/cm/login POST 200'***********************'","__":"'*************************************************************************************'","level":"info","message":"","timestamp":"2017-12-22T09:40:25.544Z"}
POST /cm/login 200 ({"username":"Ahmed","password":"Secret"})  
{"_":"'*************************************************************************************'","Url":"'**********************'/cm/login POST 200'***********************'","__":"'*************************************************************************************'","level":"info","message":"","timestamp":"2017-12-22T09:40:40.640Z"}
POST /cm/login 200 ({"username":"Ahmed","password":"Secret"})  
{"_":"'*************************************************************************************'","Url":"'**********************'/cm/login POST 200'***********************'","__":"'*************************************************************************************'","level":"info","message":"","timestamp":"2017-12-22T09:41:06.433Z"}
POST /cm/login 200 ({"username":"Ahmed","password":"Secret"})  
{"_":"'*************************************************************************************'","Url":"'**********************'/cm/login POST 200'***********************'","__":"'*************************************************************************************'","level":"info","message":"","timestamp":"2017-12-22T09:41:19.841Z"}
POST /cm/login 200 ({"username":"Ahmed","password":"Secret"})  
POST /cm/login 200 ({"username":"Ahmed","password":"Secret"})  
POST /cm/login 200 ({"username":"Ahmed","password":"Secret"})  
POST /cm/login 200 ({"username":"Ahmed","password":"Secret"})  
POST /cm/login 200 ({"username":"Ahmed","password":"Secret"})  
POST /cm/login 200 ({"username":"Ahmed","password":"Secret"})  
POST /cm/login 200 ({"username":"Ahmed","password":"Secret"})  
POST /cm/login 200 ({"username":"Ahmed","password":"Secret"})  
POST /cm/login 500 ({"username":"Ahmed","password":"Secret"})  
POST /cm/login 401 ({"username":"Ahmed","password":"Secret"})  
POST /cm/login 200 ({"username":"Ahmed","password":"Secret"})  
POST /cm/login 401 ({"username":"Ahmed","password":"Secret"})  
POST /cm/login 401 ({"username":"Ahmed","password":"Secret"})  
POST /cm/login 401 ({"username":"Ahmed","password":"Secret"})  
POST /cm/login 200 ({"username":"Ahmed","password":"Secret"})  
POST /cm/login 200 ({"username":"Ahmed","password":"Secret"})  
POST /cm/login 200 ({"username":"Ahmed","password":"Secret"})  
POST /cm/login 200 ({"username":"Ahmed","password":"Secret"})  
